d:\cs162\final project\final project\debug\vc140.pdb
d:\cs162\final project\final project\debug\vc140.idb
d:\cs162\final project\final project\debug\barbarian.obj
d:\cs162\final project\final project\debug\bluemen.obj
d:\cs162\final project\final project\debug\creature.obj
d:\cs162\final project\final project\debug\die.obj
d:\cs162\final project\final project\debug\hp.obj
d:\cs162\final project\final project\debug\medusa.obj
d:\cs162\final project\final project\debug\random.obj
d:\cs162\final project\final project\debug\rouge.obj
d:\cs162\final project\final project\debug\validator.obj
d:\cs162\final project\final project\debug\dracula.obj
d:\cs162\final project\final project\debug\ant.obj
d:\cs162\final project\final project\debug\cleric.obj
d:\cs162\final project\final project\debug\combat.obj
d:\cs162\final project\final project\debug\menu.obj
d:\cs162\final project\final project\debug\spaces.obj
d:\cs162\final project\final project\debug\board.obj
d:\cs162\final project\final project\debug\main.obj
d:\cs162\final project\final project\debug\forest.obj
d:\cs162\final project\final project\debug\fort.obj
d:\cs162\final project\final project\debug\trading.obj
d:\cs162\final project\final project\debug\team.obj
d:\cs162\final project\final project\debug\game.obj
d:\cs162\final project\final project\debug\item.obj
d:\cs162\final project\final project\debug\final project.ilk
d:\cs162\final project\final project\debug\final project.exe
d:\cs162\final project\final project\debug\final project.pdb
d:\cs162\final project\final project\debug\board.obj.enc
d:\cs162\final project\final project\debug\final project.tlog\cl.command.1.tlog
d:\cs162\final project\final project\debug\final project.tlog\cl.read.1.tlog
d:\cs162\final project\final project\debug\final project.tlog\cl.write.1.tlog
d:\cs162\final project\final project\debug\final project.tlog\link.command.1.tlog
d:\cs162\final project\final project\debug\final project.tlog\link.read.1.tlog
d:\cs162\final project\final project\debug\final project.tlog\link.write.1.tlog
